<?xml version="1.0" encoding="utf-8"?><testsuites name="pytest tests"><testsuite name="pytest" errors="0" failures="0" skipped="1" tests="13" time="3.442" timestamp="2026-05-10T14:39:30.190226+00:00" hostname="agent-env-314c7b9d-00cd-4c24-9825-f88da5930359"><testcase classname="tests.test_deep_audit.TestAIRealism" name="test_slip_today_legs_are_realistic" time="0.449" /><testcase classname="tests.test_deep_audit.TestEdgeCases" name="test_anonymous_slip_returns_locked_teaser" time="0.101" /><testcase classname="tests.test_deep_audit.TestEdgeCases" name="test_regular_user_cannot_access_admin" time="0.799" /><testcase classname="tests.test_deep_audit.TestEdgeCases" name="test_admin_slip_code_too_short" time="0.103" /><testcase classname="tests.test_deep_audit.TestEdgeCases" name="test_admin_slip_code_invalid_chars" time="0.104" /><testcase classname="tests.test_deep_audit.TestEdgeCases" name="test_invalid_cron_hour_rejected_or_ignored" time="0.101"><skipped type="pytest.skip" message="Destructive: see test report critical bugs (cron_hour_utc validator missing).">/app/backend/tests/test_deep_audit.py:143: Destructive: see test report critical bugs (cron_hour_utc validator missing).</skipped></testcase><testcase classname="tests.test_deep_audit.TestEdgeCases" name="test_login_with_leading_space_email" time="0.345" /><testcase classname="tests.test_deep_audit.TestSubscriptionFlow" name="test_bank_transfer_empty_rejected" time="0.104" /><testcase classname="tests.test_deep_audit.TestSubscriptionFlow" name="test_bank_transfer_oversize_payload_rejected" time="0.459" /><testcase classname="tests.test_deep_audit.TestSubscriptionFlow" name="test_full_subscription_flow_admin_approve" time="0.432" /><testcase classname="tests.test_deep_audit.TestTrial" name="test_new_user_has_3_day_trial" time="0.147" /><testcase classname="tests.test_deep_audit.TestSlipGenerate" name="test_cached_no_force" time="0.094" /><testcase classname="tests.test_deep_audit.TestSlipGenerate" name="test_unknown_job_id_returns_404" time="0.119" /></testsuite></testsuites>