<?xml version="1.0" encoding="utf-8"?><testsuites name="pytest tests"><testsuite name="pytest" errors="0" failures="0" skipped="1" tests="22" time="0.971" timestamp="2026-05-10T23:28:08.706040+00:00" hostname="agent-env-314c7b9d-00cd-4c24-9825-f88da5930359"><testcase classname="tests.test_phase5_rollover" name="test_public_roi_endpoint_shape" time="0.006" /><testcase classname="tests.test_phase5_rollover" name="test_public_roi_days_clamp" time="0.005" /><testcase classname="tests.test_phase5_rollover" name="test_slip_today_includes_is_tomorrow_flag" time="0.003" /><testcase classname="tests.test_phase5_rollover" name="test_slip_generate_rejects_invalid_date" time="0.231" /><testcase classname="tests.test_phase5_rollover" name="test_slip_generate_accepts_tomorrow" time="0.006" /><testcase classname="tests.test_phase5_rollover" name="test_slip_generate_accepts_explicit_iso_date" time="0.028" /><testcase classname="tests.test_phase5_rollover" name="test_public_roi_no_auth_required" time="0.022" /><testcase classname="tests.test_phase5_rollover" name="test_public_roi_outcome_math_consistency" time="0.002" /><testcase classname="tests.test_phase4.TestPublicConfig" name="test_public_config_returns_vapid_public_key" time="0.002" /><testcase classname="tests.test_phase4.TestAdminConfigFields" name="test_admin_get_config_has_new_fields" time="0.228" /><testcase classname="tests.test_phase4.TestAdminConfigFields" name="test_admin_set_odds_api_key_then_masked_on_get" time="0.011" /><testcase classname="tests.test_phase4.TestPushSubscribe" name="test_push_subscribe_empty_returns_400" time="0.002" /><testcase classname="tests.test_phase4.TestPushSubscribe" name="test_push_subscribe_valid_creates_doc" time="0.007" /><testcase classname="tests.test_phase4.TestAdminPushTest" name="test_admin_push_test_returns_counts" time="0.004" /><testcase classname="tests.test_phase4.TestAdminPushTest" name="test_admin_push_test_with_title_body" time="0.002" /><testcase classname="tests.test_phase4.TestSlipCodeBroadcast" name="test_set_slip_code_no_error" time="0.004" /><testcase classname="tests.test_phase4.TestStrategyCap" name="test_slip_today_respects_cap" time="0.003"><skipped type="pytest.skip" message="No slip available today — cannot verify cap">/app/backend/tests/test_phase4.py:180: No slip available today — cannot verify cap</skipped></testcase><testcase classname="tests.test_phase4.TestRegression" name="test_login_works" time="0.246" /><testcase classname="tests.test_phase4.TestRegression" name="test_auth_me" time="0.022" /><testcase classname="tests.test_phase4.TestRegression" name="test_admin_users" time="0.003" /><testcase classname="tests.test_phase4.TestRegression" name="test_admin_payments" time="0.002" /><testcase classname="tests.test_phase4.TestRegression" name="test_admin_predictions" time="0.002" /></testsuite></testsuites>