<?xml version="1.0" encoding="utf-8"?><testsuites name="pytest tests"><testsuite name="pytest" errors="0" failures="0" skipped="0" tests="6" time="3.287" timestamp="2026-05-11T00:28:16.656869+00:00" hostname="agent-env-314c7b9d-00cd-4c24-9825-f88da5930359"><testcase classname="tests.test_phase6_fixture_first" name="test_schedule_upcoming_no_date_returns_multiday" time="0.006" /><testcase classname="tests.test_phase6_fixture_first" name="test_schedule_upcoming_specific_date" time="0.002" /><testcase classname="tests.test_phase6_fixture_first" name="test_schedule_upcoming_rejects_bad_date" time="0.001" /><testcase classname="tests.test_phase6_fixture_first" name="test_schedule_upcoming_days_clamped" time="0.006" /><testcase classname="tests.test_phase6_fixture_first" name="test_admin_schedule_sync_authn" time="3.209" /><testcase classname="tests.test_phase6_fixture_first" name="test_fixture_status_badges_present" time="0.004" /></testsuite></testsuites>