<?xml version="1.0" encoding="utf-8"?><testsuites name="pytest tests"><testsuite name="pytest" errors="0" failures="0" skipped="0" tests="14" time="0.682" timestamp="2026-05-10T14:20:29.392807+00:00" hostname="agent-env-314c7b9d-00cd-4c24-9825-f88da5930359"><testcase classname="tests.test_phase4.TestPublicConfig" name="test_public_config_returns_vapid_public_key" time="0.040" /><testcase classname="tests.test_phase4.TestAdminConfigFields" name="test_admin_get_config_has_new_fields" time="0.232" /><testcase classname="tests.test_phase4.TestAdminConfigFields" name="test_admin_set_odds_api_key_then_masked_on_get" time="0.009" /><testcase classname="tests.test_phase4.TestPushSubscribe" name="test_push_subscribe_empty_returns_400" time="0.002" /><testcase classname="tests.test_phase4.TestPushSubscribe" name="test_push_subscribe_valid_creates_doc" time="0.007" /><testcase classname="tests.test_phase4.TestAdminPushTest" name="test_admin_push_test_returns_counts" time="0.002" /><testcase classname="tests.test_phase4.TestAdminPushTest" name="test_admin_push_test_with_title_body" time="0.002" /><testcase classname="tests.test_phase4.TestSlipCodeBroadcast" name="test_set_slip_code_no_error" time="0.004" /><testcase classname="tests.test_phase4.TestStrategyCap" name="test_slip_today_respects_cap" time="0.003" /><testcase classname="tests.test_phase4.TestRegression" name="test_login_works" time="0.231" /><testcase classname="tests.test_phase4.TestRegression" name="test_auth_me" time="0.003" /><testcase classname="tests.test_phase4.TestRegression" name="test_admin_users" time="0.003" /><testcase classname="tests.test_phase4.TestRegression" name="test_admin_payments" time="0.002" /><testcase classname="tests.test_phase4.TestRegression" name="test_admin_predictions" time="0.003" /></testsuite></testsuites>