<?xml version="1.0" encoding="utf-8"?><testsuites name="pytest tests"><testsuite name="pytest" errors="0" failures="0" skipped="0" tests="10" time="4.321" timestamp="2026-05-11T01:16:10.920278+00:00" hostname="agent-env-314c7b9d-00cd-4c24-9825-f88da5930359"><testcase classname="tests.test_phase7_admin_security" name="test_password_change_rejects_wrong_current" time="0.453" /><testcase classname="tests.test_phase7_admin_security" name="test_password_change_rejects_short_new" time="0.229" /><testcase classname="tests.test_phase7_admin_security" name="test_password_change_rejects_same_password" time="0.228" /><testcase classname="tests.test_phase7_admin_security" name="test_password_change_invalidates_old_token_and_persists" time="1.574" /><testcase classname="tests.test_phase7_admin_security" name="test_login_activity_records_success_and_failure" time="0.856" /><testcase classname="tests.test_phase7_admin_security" name="test_my_activity_returns_only_self" time="0.229" /><testcase classname="tests.test_phase7_admin_security" name="test_smtp_test_with_empty_config" time="0.229" /><testcase classname="tests.test_phase7_admin_security" name="test_smtp_send_test_no_config_logs_failure" time="0.229" /><testcase classname="tests.test_phase7_admin_security" name="test_admin_email_logs_endpoint" time="0.229" /><testcase classname="tests.test_phase7_admin_security" name="test_admin_endpoints_require_admin" time="0.004" /></testsuite></testsuites>