<?xml version="1.0" encoding="utf-8"?><testsuites name="pytest tests"><testsuite name="pytest" errors="0" failures="0" skipped="0" tests="16" time="1.633" timestamp="2026-05-10T10:33:29.518465+00:00" hostname="agent-env-314c7b9d-00cd-4c24-9825-f88da5930359"><testcase classname="tests.backend_test.TestHealth" name="test_root" time="0.237" /><testcase classname="tests.backend_test.TestConfig" name="test_get_default_config" time="0.082" /><testcase classname="tests.backend_test.TestConfig" name="test_set_and_persist_config" time="0.182" /><testcase classname="tests.backend_test.TestPicksGenerate" name="test_generate_cached" time="0.046" /><testcase classname="tests.backend_test.TestPicksGenerate" name="test_generate_idempotent_second_call" time="0.095" /><testcase classname="tests.backend_test.TestPicksCRUD" name="test_picks_today_shape" time="0.042" /><testcase classname="tests.backend_test.TestPicksCRUD" name="test_picks_history_filter" time="0.141" /><testcase classname="tests.backend_test.TestPicksCRUD" name="test_settle_workflow_round_trip" time="0.131" /><testcase classname="tests.backend_test.TestPicksCRUD" name="test_settle_invalid_id_returns_404" time="0.041" /><testcase classname="tests.backend_test.TestPicksCRUD" name="test_settle_invalid_payload_422" time="0.084" /><testcase classname="tests.backend_test.TestParlay" name="test_parlay_shape" time="0.045" /><testcase classname="tests.backend_test.TestAnalytics" name="test_roi_shape" time="0.045" /><testcase classname="tests.backend_test.TestAnalytics" name="test_rejected_shape" time="0.045" /><testcase classname="tests.backend_test.TestAnalytics" name="test_sharp_signals" time="0.046" /><testcase classname="tests.backend_test.TestSerialization" name="test_no_objectid_in_any_collection_responses" time="0.214" /><testcase classname="tests.backend_test.TestSerialization" name="test_datetime_iso_format" time="0.043" /></testsuite></testsuites>