<?xml version="1.0" encoding="utf-8"?><testsuites name="pytest tests"><testsuite name="pytest" errors="0" failures="0" skipped="1" tests="4" time="22.640" timestamp="2026-05-10T13:46:12.381435+00:00" hostname="agent-env-314c7b9d-00cd-4c24-9825-f88da5930359"><testcase classname="tests.test_real_data_pipeline.TestZBackgroundJob" name="test_a_no_force_returns_cached_quickly" time="0.385" /><testcase classname="tests.test_real_data_pipeline.TestZBackgroundJob" name="test_b_status_unknown_job_404" time="0.053" /><testcase classname="tests.test_real_data_pipeline.TestZBackgroundJob" name="test_c_force_returns_job_id_immediately" time="22.065"><skipped type="pytest.skip" message="status poll timed out — known event-loop starvation while pipeline runs">/app/backend/tests/test_real_data_pipeline.py:259: status poll timed out — known event-loop starvation while pipeline runs</skipped></testcase><testcase classname="tests.test_real_data_pipeline.TestZBackgroundJob" name="test_d_status_unknown_job_404_dup" time="0.000" /></testsuite></testsuites>