<?xml version="1.0" encoding="utf-8"?><testsuites name="pytest tests"><testsuite name="pytest" errors="0" failures="1" skipped="2" tests="41" time="35.212" timestamp="2026-05-11T01:16:42.422282+00:00" hostname="agent-env-314c7b9d-00cd-4c24-9825-f88da5930359"><testcase classname="tests.test_phase4.TestPublicConfig" name="test_public_config_returns_vapid_public_key" time="0.040" /><testcase classname="tests.test_phase4.TestAdminConfigFields" name="test_admin_get_config_has_new_fields" time="0.228" /><testcase classname="tests.test_phase4.TestAdminConfigFields" name="test_admin_set_odds_api_key_then_masked_on_get" time="0.010" /><testcase classname="tests.test_phase4.TestPushSubscribe" name="test_push_subscribe_empty_returns_400" time="0.002" /><testcase classname="tests.test_phase4.TestPushSubscribe" name="test_push_subscribe_valid_creates_doc" time="0.007" /><testcase classname="tests.test_phase4.TestAdminPushTest" name="test_admin_push_test_returns_counts" time="0.002" /><testcase classname="tests.test_phase4.TestAdminPushTest" name="test_admin_push_test_with_title_body" time="0.002" /><testcase classname="tests.test_phase4.TestSlipCodeBroadcast" name="test_set_slip_code_no_error" time="0.004" /><testcase classname="tests.test_phase4.TestStrategyCap" name="test_slip_today_respects_cap" time="0.002"><skipped type="pytest.skip" message="No slip available today — cannot verify cap">/app/backend/tests/test_phase4.py:180: No slip available today — cannot verify cap</skipped></testcase><testcase classname="tests.test_phase4.TestRegression" name="test_login_works" time="0.225" /><testcase classname="tests.test_phase4.TestRegression" name="test_auth_me" time="0.002" /><testcase classname="tests.test_phase4.TestRegression" name="test_admin_users" time="0.003" /><testcase classname="tests.test_phase4.TestRegression" name="test_admin_payments" time="0.003" /><testcase classname="tests.test_phase4.TestRegression" name="test_admin_predictions" time="0.002" /><testcase classname="tests.test_phase5_rollover" name="test_public_roi_endpoint_shape" time="0.003" /><testcase classname="tests.test_phase5_rollover" name="test_public_roi_days_clamp" time="0.004" /><testcase classname="tests.test_phase5_rollover" name="test_slip_today_includes_is_tomorrow_flag" time="0.002" /><testcase classname="tests.test_phase5_rollover" name="test_slip_generate_rejects_invalid_date" time="0.228" /><testcase classname="tests.test_phase5_rollover" name="test_slip_generate_accepts_tomorrow" time="0.003" /><testcase classname="tests.test_phase5_rollover" name="test_slip_generate_accepts_explicit_iso_date" time="0.002" /><testcase classname="tests.test_phase5_rollover" name="test_public_roi_no_auth_required" time="0.002" /><testcase classname="tests.test_phase5_rollover" name="test_public_roi_outcome_math_consistency" time="0.002" /><testcase classname="tests.test_phase6_fixture_first" name="test_schedule_upcoming_no_date_returns_multiday" time="0.004" /><testcase classname="tests.test_phase6_fixture_first" name="test_schedule_upcoming_specific_date" time="0.002" /><testcase classname="tests.test_phase6_fixture_first" name="test_schedule_upcoming_rejects_bad_date" time="0.001" /><testcase classname="tests.test_phase6_fixture_first" name="test_schedule_upcoming_days_clamped" time="0.007" /><testcase classname="tests.test_phase6_fixture_first" name="test_admin_schedule_sync_authn" time="3.224" /><testcase classname="tests.test_phase6_fixture_first" name="test_fixture_status_badges_present" time="0.003" /><testcase classname="tests.test_deep_audit.TestAIRealism" name="test_slip_today_legs_are_realistic" time="0.495"><failure message="AssertionError: No legs returned&#10;assert 0 &gt; 0&#10; +  where 0 = len([])">E   AssertionError: No legs returned
    assert 0 &gt; 0
     +  where 0 = len([])</failure></testcase><testcase classname="tests.test_deep_audit.TestEdgeCases" name="test_anonymous_slip_returns_locked_teaser" time="0.208" /><testcase classname="tests.test_deep_audit.TestEdgeCases" name="test_regular_user_cannot_access_admin" time="0.809" /><testcase classname="tests.test_deep_audit.TestEdgeCases" name="test_admin_slip_code_too_short" time="10.122" /><testcase classname="tests.test_deep_audit.TestEdgeCases" name="test_admin_slip_code_invalid_chars" time="10.181" /><testcase classname="tests.test_deep_audit.TestEdgeCases" name="test_invalid_cron_hour_rejected_or_ignored" time="0.129"><skipped type="pytest.skip" message="Destructive: see test report critical bugs (cron_hour_utc validator missing).">/app/backend/tests/test_deep_audit.py:149: Destructive: see test report critical bugs (cron_hour_utc validator missing).</skipped></testcase><testcase classname="tests.test_deep_audit.TestEdgeCases" name="test_login_with_leading_space_email" time="0.333" /><testcase classname="tests.test_deep_audit.TestSubscriptionFlow" name="test_bank_transfer_empty_rejected" time="7.289" /><testcase classname="tests.test_deep_audit.TestSubscriptionFlow" name="test_bank_transfer_oversize_payload_rejected" time="0.698" /><testcase classname="tests.test_deep_audit.TestSubscriptionFlow" name="test_full_subscription_flow_admin_approve" time="0.453" /><testcase classname="tests.test_deep_audit.TestTrial" name="test_new_user_has_3_day_trial" time="0.108" /><testcase classname="tests.test_deep_audit.TestSlipGenerate" name="test_cached_no_force" time="0.101" /><testcase classname="tests.test_deep_audit.TestSlipGenerate" name="test_unknown_job_id_returns_404" time="0.123" /></testsuite></testsuites>