<?xml version="1.0" encoding="utf-8"?><testsuites name="pytest tests"><testsuite name="pytest" errors="0" failures="2" skipped="0" tests="30" time="6.213" timestamp="2026-05-10T11:05:54.875383+00:00" hostname="agent-env-314c7b9d-00cd-4c24-9825-f88da5930359"><testcase classname="tests.saas_backend_test.TestAuthRegister" name="test_register_success_returns_trial" time="0.442"><failure message="AssertionError: assert 'test_reg_388...1@example.com' == 'TEST_reg_388...1@example.com'&#10;  &#10;  - TEST_reg_388bdb93b1@example.com&#10;  ? ^^^^&#10;  + test_reg_388bdb93b1@example.com&#10;  ? ^^^^">tests/saas_backend_test.py:90: in test_register_success_returns_trial
    assert u["email"] == email
E   AssertionError: assert 'test_reg_388...1@example.com' == 'TEST_reg_388...1@example.com'
E     
E     - TEST_reg_388bdb93b1@example.com
E     ? ^^^^
E     + test_reg_388bdb93b1@example.com
E     ? ^^^^</failure></testcase><testcase classname="tests.saas_backend_test.TestAuthRegister" name="test_register_underage" time="0.045" /><testcase classname="tests.saas_backend_test.TestAuthRegister" name="test_register_no_terms" time="0.045" /><testcase classname="tests.saas_backend_test.TestAuthRegister" name="test_register_duplicate" time="0.307" /><testcase classname="tests.saas_backend_test.TestAuthLogin" name="test_admin_login" time="0.274" /><testcase classname="tests.saas_backend_test.TestAuthLogin" name="test_me_with_token" time="0.308" /><testcase classname="tests.saas_backend_test.TestAuthLogin" name="test_me_without_token" time="0.126" /><testcase classname="tests.saas_backend_test.TestAuthLogin" name="test_login_wrong_password_5x_locks" time="1.933"><failure message="AssertionError: Expected 429 lockout among [401, 401, 401, 401, 401, 401]&#10;assert 429 in [401, 401, 401, 401, 401, 401]">tests/saas_backend_test.py:156: in test_login_wrong_password_5x_locks
    assert 429 in codes, f"Expected 429 lockout among {codes}"
E   AssertionError: Expected 429 lockout among [401, 401, 401, 401, 401, 401]
E   assert 429 in [401, 401, 401, 401, 401, 401]</failure></testcase><testcase classname="tests.saas_backend_test.TestSlip" name="test_slip_today_locked_no_auth" time="0.096" /><testcase classname="tests.saas_backend_test.TestSlip" name="test_slip_today_admin_unlocked" time="0.056" /><testcase classname="tests.saas_backend_test.TestSlip" name="test_slip_today_trial_unlocked" time="0.043" /><testcase classname="tests.saas_backend_test.TestSlip" name="test_generate_requires_admin" time="0.044" /><testcase classname="tests.saas_backend_test.TestSlip" name="test_generate_admin_cached" time="0.043" /><testcase classname="tests.saas_backend_test.TestSlip" name="test_slip_history_requires_subscription" time="0.047" /><testcase classname="tests.saas_backend_test.TestPayments" name="test_flw_init_unconfigured" time="0.045" /><testcase classname="tests.saas_backend_test.TestPayments" name="test_bank_transfer_create" time="0.089" /><testcase classname="tests.saas_backend_test.TestPayments" name="test_bank_transfer_too_large" time="0.268" /><testcase classname="tests.saas_backend_test.TestAdmin" name="test_admin_stats" time="0.044" /><testcase classname="tests.saas_backend_test.TestAdmin" name="test_admin_stats_forbidden_for_user" time="0.045" /><testcase classname="tests.saas_backend_test.TestAdmin" name="test_admin_users_no_password_leak" time="0.043" /><testcase classname="tests.saas_backend_test.TestAdmin" name="test_admin_grant_30d" time="0.089" /><testcase classname="tests.saas_backend_test.TestAdmin" name="test_admin_suspend" time="0.398" /><testcase classname="tests.saas_backend_test.TestAdmin" name="test_admin_payments_filter" time="0.045" /><testcase classname="tests.saas_backend_test.TestAdmin" name="test_admin_approve_payment_activates_user" time="0.456" /><testcase classname="tests.saas_backend_test.TestAdmin" name="test_admin_reject_payment" time="0.394" /><testcase classname="tests.saas_backend_test.TestAdminConfig" name="test_get_config_defaults" time="0.043" /><testcase classname="tests.saas_backend_test.TestAdminConfig" name="test_set_config_persists" time="0.178" /><testcase classname="tests.saas_backend_test.TestAdminPredictions" name="test_get_predictions" time="0.041" /><testcase classname="tests.saas_backend_test.TestAdminPredictions" name="test_predictions_forbidden_for_user" time="0.042" /><testcase classname="tests.saas_backend_test.TestPublicConfig" name="test_public_config_no_secrets" time="0.050" /></testsuite></testsuites>